2025-07-31 08:12:23,802 [Worker-4: Loading available Gradle versions] INFO  o.e.b.c.i.u.g.PublishedGradleVersions - Gradle version information cache is not available. Remote download required.
2025-07-31 08:15:59,911 [Worker-3: Updating Maven Dependencies] INFO  o.e.m.c.i.l.LifecycleMappingFactory - Using org.eclipse.m2e.jdt.JarLifecycleMapping lifecycle mapping for MavenProject: com.mx.Accesorio:Accesorio:0.0.1-SNAPSHOT @ C:\Users\ElSipha\Desktop\Curso NUCOM 2025\SEMANA 4 MICRO SERVICIOS\WorkSpace\Accesorio\pom.xml.
2025-07-31 08:15:59,984 [Worker-11: Building] INFO  o.e.m.c.i.l.LifecycleMappingFactory - Using org.eclipse.m2e.jdt.JarLifecycleMapping lifecycle mapping for MavenProject: com.mx.Accesorio:Accesorio:0.0.1-SNAPSHOT @ C:\Users\ElSipha\Desktop\Curso NUCOM 2025\SEMANA 4 MICRO SERVICIOS\WorkSpace\Accesorio\pom.xml.
2025-07-31 08:16:02,125 [Worker-11: Building] INFO  o.a.m.s.f.DefaultMavenResourcesFiltering - Copying 1 resource from src\main\resources to target\classes
2025-07-31 08:16:02,140 [Worker-11: Building] INFO  o.a.m.s.f.DefaultMavenResourcesFiltering - Copying 0 resource from src\main\resources to target\classes
2025-07-31 08:16:02,145 [Worker-11: Building] INFO  o.a.m.s.f.DefaultMavenResourcesFiltering - skip non existing resourceDirectory C:\Users\ElSipha\Desktop\Curso NUCOM 2025\SEMANA 4 MICRO SERVICIOS\WorkSpace\Accesorio\src\test\resources
2025-07-31 08:16:02,882 [Worker-5: Building] INFO  o.a.m.s.f.DefaultMavenResourcesFiltering - Copying 1 resource from src\main\resources to target\classes
2025-07-31 08:16:02,884 [Worker-5: Building] INFO  o.a.m.s.f.DefaultMavenResourcesFiltering - Copying 0 resource from src\main\resources to target\classes
2025-07-31 08:16:02,888 [Worker-5: Building] INFO  o.a.m.s.f.DefaultMavenResourcesFiltering - skip non existing resourceDirectory C:\Users\ElSipha\Desktop\Curso NUCOM 2025\SEMANA 4 MICRO SERVICIOS\WorkSpace\Accesorio\src\test\resources
2025-07-31 08:16:04,117 [Worker-5: Building] INFO  o.e.m.c.i.l.LifecycleMappingFactory - Using org.eclipse.m2e.jdt.JarLifecycleMapping lifecycle mapping for MavenProject: com.example:Categoria:0.0.1-SNAPSHOT @ C:\Users\ElSipha\Desktop\Curso NUCOM 2025\SEMANA 4 MICRO SERVICIOS\WorkSpace\Categoria\pom.xml.
2025-07-31 08:16:05,769 [Worker-5: Building] INFO  o.a.m.s.f.DefaultMavenResourcesFiltering - Copying 1 resource from src\main\resources to target\classes
2025-07-31 08:16:05,782 [Worker-5: Building] INFO  o.a.m.s.f.DefaultMavenResourcesFiltering - Copying 0 resource from src\main\resources to target\classes
2025-07-31 08:16:05,786 [Worker-5: Building] INFO  o.a.m.s.f.DefaultMavenResourcesFiltering - skip non existing resourceDirectory C:\Users\ElSipha\Desktop\Curso NUCOM 2025\SEMANA 4 MICRO SERVICIOS\WorkSpace\Categoria\src\test\resources
2025-07-31 08:16:06,434 [Worker-7: Building] INFO  o.a.m.s.f.DefaultMavenResourcesFiltering - Copying 1 resource from src\main\resources to target\classes
2025-07-31 08:16:06,437 [Worker-7: Building] INFO  o.a.m.s.f.DefaultMavenResourcesFiltering - Copying 0 resource from src\main\resources to target\classes
2025-07-31 08:16:06,442 [Worker-7: Building] INFO  o.a.m.s.f.DefaultMavenResourcesFiltering - skip non existing resourceDirectory C:\Users\ElSipha\Desktop\Curso NUCOM 2025\SEMANA 4 MICRO SERVICIOS\WorkSpace\Categoria\src\test\resources
2025-07-31 08:16:06,750 [Worker-10: Updating Maven Dependencies] INFO  o.e.m.c.i.l.LifecycleMappingFactory - Using org.eclipse.m2e.jdt.JarLifecycleMapping lifecycle mapping for MavenProject: com.mx.Accesorio:Accesorio:0.0.1-SNAPSHOT @ C:\Users\ElSipha\Desktop\Curso NUCOM 2025\SEMANA 4 MICRO SERVICIOS\WorkSpace\Accesorio\pom.xml.
2025-07-31 08:16:07,126 [Worker-7: Building] INFO  o.e.m.c.i.l.LifecycleMappingFactory - Using org.eclipse.m2e.jdt.JarLifecycleMapping lifecycle mapping for MavenProject: com.mx.Consola:Consola:0.0.1-SNAPSHOT @ C:\Users\ElSipha\Desktop\Curso NUCOM 2025\SEMANA 4 MICRO SERVICIOS\WorkSpace\Consola\pom.xml.
2025-07-31 08:16:08,357 [Worker-7: Building] INFO  o.a.m.s.f.DefaultMavenResourcesFiltering - Copying 1 resource from src\main\resources to target\classes
2025-07-31 08:16:08,375 [Worker-7: Building] INFO  o.a.m.s.f.DefaultMavenResourcesFiltering - Copying 0 resource from src\main\resources to target\classes
2025-07-31 08:16:08,380 [Worker-7: Building] INFO  o.a.m.s.f.DefaultMavenResourcesFiltering - skip non existing resourceDirectory C:\Users\ElSipha\Desktop\Curso NUCOM 2025\SEMANA 4 MICRO SERVICIOS\WorkSpace\Consola\src\test\resources
2025-07-31 08:16:08,991 [Worker-7: Building] INFO  o.e.m.c.i.l.LifecycleMappingFactory - Using org.eclipse.m2e.jdt.JarLifecycleMapping lifecycle mapping for MavenProject: com.example:Desarrolladora:0.0.1-SNAPSHOT @ C:\Users\ElSipha\Desktop\Curso NUCOM 2025\SEMANA 4 MICRO SERVICIOS\WorkSpace\Desarrolladora\pom.xml.
2025-07-31 08:16:10,178 [Worker-7: Building] INFO  o.a.m.s.f.DefaultMavenResourcesFiltering - Copying 1 resource from src\main\resources to target\classes
2025-07-31 08:16:10,211 [Worker-7: Building] INFO  o.a.m.s.f.DefaultMavenResourcesFiltering - Copying 0 resource from src\main\resources to target\classes
2025-07-31 08:16:10,218 [Worker-7: Building] INFO  o.a.m.s.f.DefaultMavenResourcesFiltering - Copying 0 resource from src\test\resources to target\test-classes
2025-07-31 08:16:11,038 [Worker-8: Updating Maven Dependencies] INFO  o.e.m.c.i.l.LifecycleMappingFactory - Using org.eclipse.m2e.jdt.JarLifecycleMapping lifecycle mapping for MavenProject: com.mx.Accesorio:Accesorio:0.0.1-SNAPSHOT @ C:\Users\ElSipha\Desktop\Curso NUCOM 2025\SEMANA 4 MICRO SERVICIOS\WorkSpace\Accesorio\pom.xml.
2025-07-31 08:16:11,669 [Worker-8: Updating Maven Dependencies] INFO  o.e.m.c.i.l.LifecycleMappingFactory - Using org.eclipse.m2e.jdt.JarLifecycleMapping lifecycle mapping for MavenProject: com.mx.Consola:Consola:0.0.1-SNAPSHOT @ C:\Users\ElSipha\Desktop\Curso NUCOM 2025\SEMANA 4 MICRO SERVICIOS\WorkSpace\Consola\pom.xml.
2025-07-31 08:16:11,712 [Worker-10: Building] INFO  o.a.m.s.f.DefaultMavenResourcesFiltering - Copying 1 resource from src\main\resources to target\classes
2025-07-31 08:16:11,725 [Worker-10: Building] INFO  o.a.m.s.f.DefaultMavenResourcesFiltering - Copying 0 resource from src\main\resources to target\classes
2025-07-31 08:16:11,729 [Worker-10: Building] INFO  o.a.m.s.f.DefaultMavenResourcesFiltering - skip non existing resourceDirectory C:\Users\ElSipha\Desktop\Curso NUCOM 2025\SEMANA 4 MICRO SERVICIOS\WorkSpace\Consola\src\test\resources
2025-07-31 08:16:12,873 [Worker-1: Building] INFO  o.a.m.s.f.DefaultMavenResourcesFiltering - Copying 1 resource from src\main\resources to target\classes
2025-07-31 08:16:12,879 [Worker-1: Building] INFO  o.a.m.s.f.DefaultMavenResourcesFiltering - Copying 0 resource from src\main\resources to target\classes
2025-07-31 08:16:12,882 [Worker-1: Building] INFO  o.a.m.s.f.DefaultMavenResourcesFiltering - Copying 0 resource from src\test\resources to target\test-classes
2025-07-31 08:16:13,361 [Worker-1: Building] INFO  o.e.m.c.i.l.LifecycleMappingFactory - Using org.eclipse.m2e.jdt.JarLifecycleMapping lifecycle mapping for MavenProject: com.example:EurekaServer:0.0.1-SNAPSHOT @ C:\Users\ElSipha\Desktop\Curso NUCOM 2025\SEMANA 4 MICRO SERVICIOS\WorkSpace\EurekaServer\pom.xml.
2025-07-31 08:16:14,607 [Worker-1: Building] INFO  o.a.m.s.f.DefaultMavenResourcesFiltering - Copying 1 resource from src\main\resources to target\classes
2025-07-31 08:16:14,619 [Worker-1: Building] INFO  o.a.m.s.f.DefaultMavenResourcesFiltering - Copying 0 resource from src\main\resources to target\classes
2025-07-31 08:16:14,623 [Worker-1: Building] INFO  o.a.m.s.f.DefaultMavenResourcesFiltering - skip non existing resourceDirectory C:\Users\ElSipha\Desktop\Curso NUCOM 2025\SEMANA 4 MICRO SERVICIOS\WorkSpace\EurekaServer\src\test\resources
2025-07-31 08:16:14,958 [Worker-7: Building] INFO  o.a.m.s.f.DefaultMavenResourcesFiltering - Copying 1 resource from src\main\resources to target\classes
2025-07-31 08:16:14,960 [Worker-7: Building] INFO  o.a.m.s.f.DefaultMavenResourcesFiltering - Copying 0 resource from src\main\resources to target\classes
2025-07-31 08:16:14,963 [Worker-7: Building] INFO  o.a.m.s.f.DefaultMavenResourcesFiltering - skip non existing resourceDirectory C:\Users\ElSipha\Desktop\Curso NUCOM 2025\SEMANA 4 MICRO SERVICIOS\WorkSpace\EurekaServer\src\test\resources
2025-07-31 08:17:17,336 [Worker-10: Loading available Gradle versions] INFO  o.e.b.c.i.u.g.PublishedGradleVersions - Gradle version information cache is up-to-date. Trying to read.
